<?xml version="1.0" encoding="UTF-8"?>
<testsuite xmlns:xsi="http://www.w3.org/2001/XMLSchema-instance" xsi:schemaLocation="https://maven.apache.org/surefire/maven-surefire-plugin/xsd/surefire-test-report.xsd" name="TestSuite" time="30.161" tests="1" errors="0" skipped="0" failures="0">
  <properties>
    <property name="PROCESSOR_ARCHITECTURE" value="AMD64"/>
    <property name="file.encoding.pkg" value="sun.io"/>
    <property name="LOGONSERVER" value="\\DESKTOP-67GB595"/>
    <property name="ProgramData" value="C:\ProgramData"/>
    <property name="java.home" value="C:\Program Files\Java\jdk1.8.0_144\jre"/>
    <property name="TITLE" value="Tomcat"/>
    <property name="SDK" value="D:\android-sdk_r24.4.1-windows\android-sdk-windows\tools;D:\android-sdk_r24.4.1-windows\android-sdk-windows\platforms\android-28;"/>
    <property name="NODE_NAME" value="master"/>
    <property name="LG_PATH" value="D:\Program Files (x86)\HP\LoadRunner\"/>
    <property name="JENKINS_URL" value="http://127.0.0.1:8080/jenkins/"/>
    <property name="CATALINA_HOME" value="C:\apache-tomcat-9.0.13-windows-x64\apache-tomcat-9.0.13"/>
    <property name="ALLUSERSPROFILE" value="C:\ProgramData"/>
    <property name="java.endorsed.dirs" value="C:\Program Files\Java\jdk1.8.0_144\jre\lib\endorsed"/>
    <property name="PSModulePath" value="C:\Program Files\WindowsPowerShell\Modules;C:\Windows\system32\WindowsPowerShell\v1.0\Modules"/>
    <property name="=::" value="::\"/>
    <property name="USERDOMAIN" value="DESKTOP-67GB595"/>
    <property name="sun.os.patch.level" value=""/>
    <property name="java.vendor.url" value="http://java.oracle.com/"/>
    <property name="JAVA_OPTS" value=" &quot;-Djdk.tls.ephemeralDHKeySize=2048&quot; -Djava.protocol.handler.pkgs=org.apache.catalina.webresources"/>
    <property name="CURR_DIR" value="D:\Program Files (x86)\HP\LoadRunner\dat\Setup\LoadRunner\MSBuild\..\..\..\.."/>
    <property name="CommonProgramFiles(x86)" value="C:\Program Files (x86)\Common Files"/>
    <property name="java.version" value="1.8.0_144"/>
    <property name="JOB_NAME" value="oneTest"/>
    <property name="COMPUTERNAME" value="DESKTOP-67GB595"/>
    <property name="EXECUTABLE" value="C:\apache-tomcat-9.0.13-windows-x64\apache-tomcat-9.0.13\bin\catalina.bat"/>
    <property name="java.vendor.url.bug" value="http://bugreport.sun.com/bugreport/"/>
    <property name="PUBLIC" value="C:\Users\Public"/>
    <property name="user.name" value="Yzd"/>
    <property name="sun.io.unicode.encoding" value="UnicodeLittle"/>
    <property name="sun.jnu.encoding" value="GBK"/>
    <property name="java.runtime.name" value="Java(TM) SE Runtime Environment"/>
    <property name="windir" value="C:\Windows"/>
    <property name="PROCESSOR_IDENTIFIER" value="Intel64 Family 6 Model 78 Stepping 3, GenuineIntel"/>
    <property name="java.specification.name" value="Java Platform API Specification"/>
    <property name="LOCALAPPDATA" value="C:\Users\Yzd\AppData\Local"/>
    <property name="RUN_CHANGES_DISPLAY_URL" value="http://127.0.0.1:8080/jenkins/job/oneTest/3/display/redirect?page=changes"/>
    <property name="user.timezone" value="Asia/Shanghai"/>
    <property name="user.script" value=""/>
    <property name="path.separator" value=";"/>
    <property name="NUMBER_OF_PROCESSORS" value="4"/>
    <property name="BUILD_TAG" value="jenkins-oneTest-3"/>
    <property name="TERM" value="dumb"/>
    <property name="file.encoding" value="GBK"/>
    <property name="LOG_FILE" value="C:\Users\Yzd\AppData\Local\Temp\ihp_custom_batches.log"/>
    <property name="sun.java.command" value="jenkins.maven3.agent.Maven35Main D:\Program Files\apache-maven-3.5.4 C:\apache-tomcat-9.0.13-windows-x64\apache-tomcat-9.0.13\webapps\jenkins\WEB-INF\lib\remoting-3.27.jar C:\Users\Yzd\.jenkins\plugins\maven-plugin\WEB-INF\lib\maven35-interceptor-1.12.jar C:\Users\Yzd\.jenkins\plugins\maven-plugin\WEB-INF\lib\maven3-interceptor-commons-1.12.jar 50783"/>
    <property name="HUDSON_URL" value="http://127.0.0.1:8080/jenkins/"/>
    <property name="JENKINS_SERVER_COOKIE" value="94533ad0d2e7ff58"/>
    <property name="EXECUTOR_NUMBER" value="0"/>
    <property name="Path" value="C:\Program Files\Java\jdk1.8.0_144/bin;C:\ProgramData\Oracle\Java\javapath;C:\Windows\system32;C:\Windows;C:\Windows\System32\Wbem;C:\Windows\System32\WindowsPowerShell\v1.0\;C:\Windows\System32\OpenSSH\;C:\Program Files\Java\jdk1.8.0_144\bin;C:\Program Files\Java\jdk1.8.0_144\jre\bin;C:\Program Files (x86)\HP\Unified Functional Testing\bin;c:\Program Files (x86)\QuickTime\QTSystem\;D:\android-sdk_r24.4.1-windows\android-sdk-windows\tools;D:\android-sdk_r24.4.1-windows\android-sdk-windows\platforms\android-28;;D:\apache-jmeter-4.0\bin;%MAVEN_HOME%\bin;C:\strawberry\c\bin;C:\strawberry\perl\bin;C:\Program Files\Git\cmd;C:\Users\Yzd\AppData\Local\Microsoft\WindowsApps;C:\Users\Yzd\AppData\Local\Programs\Fiddler;D:\Program Files\apache-maven-3.5.4\bin;C:\Program Files\Git\cmd;"/>
    <property name="LOGGER_CONFIG_PATH" value="D:\Program Files (x86)\HP\LoadRunner\dat\ltlogconf.xml"/>
    <property name="java.io.tmpdir" value="C:\Users\Yzd\AppData\Local\Temp\"/>
    <property name="APPDATA" value="C:\Users\Yzd\AppData\Roaming"/>
    <property name="user.language" value="zh"/>
    <property name="CATALINA_TMPDIR" value="C:\apache-tomcat-9.0.13-windows-x64\apache-tomcat-9.0.13\temp"/>
    <property name="line.separator" value="&#10;"/>
    <property name="BUILD_URL" value="http://127.0.0.1:8080/jenkins/job/oneTest/3/"/>
    <property name="ACTION" value="start"/>
    <property name="M2_HOME" value="D:\Program Files\apache-maven-3.5.4"/>
    <property name="=C:" value="C:\apache-tomcat-9.0.13-windows-x64\apache-tomcat-9.0.13\bin"/>
    <property name="java.vm.info" value="mixed mode"/>
    <property name="DriverData" value="C:\Windows\System32\Drivers\DriverData"/>
    <property name="sun.desktop" value="windows"/>
    <property name="java.vm.specification.name" value="Java Virtual Machine Specification"/>
    <property name="BUILD_DISPLAY_NAME" value="#3"/>
    <property name="OS" value="Windows_NT"/>
    <property name="LSERVRC" value="C:\ProgramData\HP\Functional testing\License\lservrc"/>
    <property name="guice.disable.misplaced.annotation.check" value="true"/>
    <property name="CATALINA_BASE" value="C:\apache-tomcat-9.0.13-windows-x64\apache-tomcat-9.0.13"/>
    <property name="TARGETDIR" value="D:\Program Files (x86)\HP\LoadRunner\dat\Setup\LoadRunner\MSBuild\..\..\..\.."/>
    <property name="HUDSON_SERVER_COOKIE" value="94533ad0d2e7ff58"/>
    <property name="JRE_HOME" value="C:\Program Files\Java\jdk1.8.0_144"/>
    <property name="_EXECJAVA" value="start &quot;Tomcat&quot; &quot;C:\Program Files\Java\jdk1.8.0_144\bin\java.exe&quot;"/>
    <property name="_RUNJAVA" value="&quot;C:\Program Files\Java\jdk1.8.0_144\bin\java.exe&quot;"/>
    <property name="MAVEN_HOME" value="D:\Program Files\apache-maven-3.5.4"/>
    <property name="SESSIONNAME" value="Console"/>
    <property name="PATHEXT" value=".COM;.EXE;.BAT;.CMD;.VBS;.VBE;.JS;.JSE;.WSF;.WSH;.MSC"/>
    <property name="java.awt.printerjob" value="sun.awt.windows.WPrinterJob"/>
    <property name="maven3.interceptor.common" value="C:\Users\Yzd\.jenkins\plugins\maven-plugin\WEB-INF\lib\maven3-interceptor-commons-1.12.jar"/>
    <property name="CLASSPATH" value=""/>
    <property name="LOGGING_CONFIG" value="-Djava.util.logging.config.file=&quot;C:\apache-tomcat-9.0.13-windows-x64\apache-tomcat-9.0.13\conf\logging.properties&quot;"/>
    <property name="ANALYSIS_PATH" value="D:\Program Files (x86)\HP\LoadRunner\"/>
    <property name="ST_INSTALL_PATH" value="C:\Program Files (x86)\HP\Unified Functional Testing\"/>
    <property name="HOMEPATH" value="\Users\Yzd"/>
    <property name="os.name" value="Windows 10"/>
    <property name="java.specification.vendor" value="Oracle Corporation"/>
    <property name="java.vm.name" value="Java HotSpot(TM) 64-Bit Server VM"/>
    <property name="BUILD_NUMBER" value="3"/>
    <property name="maven3.interceptor" value="C:\Users\Yzd\.jenkins\plugins\maven-plugin\WEB-INF\lib\maven35-interceptor-1.12.jar"/>
    <property name="java.library.path" value="C:\Program Files\Java\jdk1.8.0_144\bin;C:\Windows\Sun\Java\bin;C:\Windows\system32;C:\Windows;D:\Program Files\apache-maven-3.5.4/bin;C:\Program Files\Java\jdk1.8.0_144/bin;C:\Program Files\Java\jdk1.8.0_144/bin;C:\ProgramData\Oracle\Java\javapath;C:\Windows\system32;C:\Windows;C:\Windows\System32\Wbem;C:\Windows\System32\WindowsPowerShell\v1.0\;C:\Windows\System32\OpenSSH\;C:\Program Files\Java\jdk1.8.0_144\bin;C:\Program Files\Java\jdk1.8.0_144\jre\bin;C:\Program Files (x86)\HP\Unified Functional Testing\bin;c:\Program Files (x86)\QuickTime\QTSystem\;D:\android-sdk_r24.4.1-windows\android-sdk-windows\tools;D:\android-sdk_r24.4.1-windows\android-sdk-windows\platforms\android-28;;D:\apache-jmeter-4.0\bin;%MAVEN_HOME%\bin;C:\strawberry\c\bin;C:\strawberry\perl\bin;C:\Program Files\Git\cmd;C:\Users\Yzd\AppData\Local\Microsoft\WindowsApps;C:\Users\Yzd\AppData\Local\Programs\Fiddler;D:\Program Files\apache-maven-3.5.4\bin;C:\Program Files\Git\cmd;;."/>
    <property name="HOMEDRIVE" value="C:"/>
    <property name="POM_GROUPID" value="com.ajx.test"/>
    <property name="POM_ARTIFACTID" value="testngg"/>
    <property name="java.class.version" value="52.0"/>
    <property name="JSSE_OPTS" value="&quot;-Djdk.tls.ephemeralDHKeySize=2048&quot;"/>
    <property name="LOGGING_MANAGER" value="-Djava.util.logging.manager=org.apache.juli.ClassLoaderLogManager"/>
    <property name="_RUNJDB" value="&quot;C:\Program Files\Java\jdk1.8.0_144\bin\jdb.exe&quot;"/>
    <property name="LR_ROOT" value="D:\Program Files (x86)\HP\LoadRunner\"/>
    <property name="JOB_URL" value="http://127.0.0.1:8080/jenkins/job/oneTest/"/>
    <property name="OneDrive" value="C:\Users\Yzd\OneDrive"/>
    <property name="RUN_DISPLAY_URL" value="http://127.0.0.1:8080/jenkins/job/oneTest/3/display/redirect"/>
    <property name="MAINCLASS" value="org.apache.catalina.startup.Bootstrap"/>
    <property name="FTP_PASSIVE" value="1"/>
    <property name="JENKINS_HOME" value="C:\Users\Yzd\.jenkins"/>
    <property name="BUILD_ID" value="3"/>
    <property name="TEMP" value="C:\Users\Yzd\AppData\Local\Temp"/>
    <property name="sun.boot.library.path" value="C:\Program Files\Java\jdk1.8.0_144\jre\bin"/>
    <property name="VUGEN_PATH" value="D:\Program Files (x86)\HP\LoadRunner\"/>
    <property name="JDK_JAVA_OPTIONS" value=" --add-opens=java.base/java.lang=ALL-UNNAMED --add-opens=java.base/java.io=ALL-UNNAMED --add-opens=java.rmi/sun.rmi.transport=ALL-UNNAMED"/>
    <property name="sun.management.compiler" value="HotSpot 64-Bit Tiered Compilers"/>
    <property name="java.awt.graphicsenv" value="sun.awt.Win32GraphicsEnvironment"/>
    <property name="user.variant" value=""/>
    <property name="PROCESSOR_REVISION" value="4e03"/>
    <property name="POM_VERSION" value="1.0-SNAPSHOT"/>
    <property name="HUDSON_HOME" value="C:\Users\Yzd\.jenkins"/>
    <property name="ProgramFiles(x86)" value="C:\Program Files (x86)"/>
    <property name="PATH+MAVEN" value="D:\Program Files\apache-maven-3.5.4/bin"/>
    <property name="USERDOMAIN_ROAMINGPROFILE" value="DESKTOP-67GB595"/>
    <property name="PROMPT" value="$P$G"/>
    <property name="CURRENT_DIR" value="C:\apache-tomcat-9.0.13-windows-x64\apache-tomcat-9.0.13\bin"/>
    <property name="java.vm.specification.version" value="1.8"/>
    <property name="JAVA_HOME" value="C:\Program Files\Java\jdk1.8.0_144"/>
    <property name="awt.toolkit" value="sun.awt.windows.WToolkit"/>
    <property name="NODE_LABELS" value="master"/>
    <property name="sun.cpu.isalist" value="amd64"/>
    <property name="USERPROFILE" value="C:\Users\Yzd"/>
    <property name="JOB_DISPLAY_URL" value="http://127.0.0.1:8080/jenkins/job/oneTest/display/redirect"/>
    <property name="java.ext.dirs" value="C:\Program Files\Java\jdk1.8.0_144\jre\lib\ext;C:\Windows\Sun\Java\lib\ext"/>
    <property name="os.version" value="10.0"/>
    <property name="user.home" value="C:\Users\Yzd"/>
    <property name="USERNAME" value="Yzd"/>
    <property name="java.vm.vendor" value="Oracle Corporation"/>
    <property name="PROCESSOR_LEVEL" value="6"/>
    <property name="CommonProgramW6432" value="C:\Program Files\Common Files"/>
    <property name="user.dir" value="F:\text\testngg"/>
    <property name="maven.conf" value="D:\Program Files\apache-maven-3.5.4\conf"/>
    <property name="ProgramW6432" value="C:\Program Files"/>
    <property name="TMP" value="C:\Users\Yzd\AppData\Local\Temp"/>
    <property name="sun.cpu.endian" value="little"/>
    <property name="SystemDrive" value="C:"/>
    <property name="java.vm.version" value="25.144-b01"/>
    <property name="java.class.path" value="C:\Users\Yzd\.jenkins\plugins\maven-plugin\WEB-INF\lib\maven35-agent-1.12.jar;D:\Program Files\apache-maven-3.5.4\boot\plexus-classworlds-2.5.2.jar;D:\Program Files\apache-maven-3.5.4/conf/logging"/>
    <property name="org.slf4j.simpleLogger.defaultLogLevel" value="info"/>
    <property name="os.arch" value="amd64"/>
    <property name="ComSpec" value="C:\Windows\system32\cmd.exe"/>
    <property name="WORKSPACE" value="C:\Users\Yzd\.jenkins\workspace\oneTest"/>
    <property name="sun.java.launcher" value="SUN_STANDARD"/>
    <property name="FPS_BROWSER_APP_PROFILE_STRING" value="Internet Explorer"/>
    <property name="SystemRoot" value="C:\Windows"/>
    <property name="CommonProgramFiles" value="C:\Program Files\Common Files"/>
    <property name="FPS_BROWSER_USER_PROFILE_STRING" value="Default"/>
    <property name="java.vm.specification.vendor" value="Oracle Corporation"/>
    <property name="file.separator" value="\"/>
    <property name="LR_PATH" value="D:\Program Files (x86)\HP\LoadRunner\"/>
    <property name="java.runtime.version" value="1.8.0_144-b01"/>
    <property name="JMETER_HOME" value="D:\apache-jmeter-4.0"/>
    <property name="sun.boot.class.path" value="C:\Program Files\Java\jdk1.8.0_144\jre\lib\resources.jar;C:\Program Files\Java\jdk1.8.0_144\jre\lib\rt.jar;C:\Program Files\Java\jdk1.8.0_144\jre\lib\sunrsasign.jar;C:\Program Files\Java\jdk1.8.0_144\jre\lib\jsse.jar;C:\Program Files\Java\jdk1.8.0_144\jre\lib\jce.jar;C:\Program Files\Java\jdk1.8.0_144\jre\lib\charsets.jar;C:\Program Files\Java\jdk1.8.0_144\jre\lib\jfr.jar;C:\Program Files\Java\jdk1.8.0_144\jre\classes"/>
    <property name="ProgramFiles" value="C:\Program Files"/>
    <property name="PATH+JDK" value="C:\Program Files\Java\jdk1.8.0_144/bin"/>
    <property name="user.country" value="CN"/>
    <property name="POM_PACKAGING" value="jar"/>
    <property name="maven.home" value="D:\Program Files\apache-maven-3.5.4"/>
    <property name="ENDORSED_PROP" value="ignore.endorsed.dirs"/>
    <property name="JOB_BASE_NAME" value="oneTest"/>
    <property name="java.vendor" value="Oracle Corporation"/>
    <property name="QTJAVA" value="c:\Program Files (x86)\QuickTime\QTSystem\QTJava.zip"/>
    <property name="POM_DISPLAYNAME" value="testngg"/>
    <property name="java.specification.version" value="1.8"/>
    <property name="sun.arch.data.model" value="64"/>
  </properties>
  <testcase name="getTest" classname="com.ajx.LoginTest" time="17.365"/>
</testsuite>