<?xml version="1.0" encoding="UTF-8"?>
<!-- Generated by org.testng.reporters.JUnitReportReporter -->
<testsuite hostname="DESKTOP-67GB595" name="com.ajx.LoginTest" tests="1" failures="0" timestamp="13 Dec 2018 06:14:13 GMT" time="17.362" errors="0">
  <testcase name="getTest" time="17.362" classname="com.ajx.LoginTest"/>
</testsuite> <!-- com.ajx.LoginTest -->
